Ip Address : 127.0.0.1 - May 17, 2022, 1:00 am
Error Message : Unknown column 'access' in 'field list'
file path: C:\laragon\www\rosx\views\users\AddNewUser.php
User Meassage: Cant able to Process the request for Adding the user 
User ID: admin
-------------------------
Ip Address : 127.0.0.1 - May 17, 2022, 1:01 am
Error Message : Unknown column 'access' in 'field list'
file path: C:\laragon\www\rosx\views\users\AddNewUser.php
User Meassage: Cant able to Process the request for Adding the user 
User ID: admin
-------------------------
Ip Address : 127.0.0.1 - May 17, 2022, 1:01 am
Error Message : Unknown column 'access' in 'field list'
file path: C:\laragon\www\rosx\views\users\AddNewUser.php
User Meassage: Cant able to Process the request for Adding the user 
User ID: admin
-------------------------
Ip Address : 127.0.0.1 - May 17, 2022, 1:01 am
Error Message : Unknown column 'access' in 'field list'
file path: C:\laragon\www\rosx\views\users\AddNewUser.php
User Meassage: Cant able to Process the request for Adding the user 
User ID: admin
-------------------------
Ip Address : 127.0.0.1 - May 17, 2022, 1:02 am
Error Message : Unknown column 'access' in 'field list'
file path: C:\laragon\www\rosx\views\users\AddNewUser.php
User Meassage: Cant able to Process the request for Adding the user 
User ID: admin
-------------------------
Ip Address : 127.0.0.1 - May 17, 2022, 1:02 am
Error Message : Unknown column 'access' in 'field list'
file path: C:\laragon\www\rosx\views\users\AddNewUser.php
User Meassage: Cant able to Process the request for Adding the user 
User ID: admin
-------------------------
