Ip Address : 127.0.0.1 - April 7, 2022, 12:15 pm
Error Message : Table 'hms.foo' doesn't exist
file path: C:\laragon\www\thimpu\views\food\manageFood.php
User Meassage: Cant able to Process the request for fetching the data of Food 
User ID: admin
-------------------------
Ip Address : 127.0.0.1 - April 7, 2022, 12:15 pm
Error Message : Table 'hms.foo' doesn't exist
file path: C:\laragon\www\thimpu\views\food\manageFood.php
User Meassage: Cant able to Process the request for fetching the data of Food 
User ID: admin
-------------------------
Ip Address : 127.0.0.1 - April 7, 2022, 12:15 pm
Error Message : Table 'hms.foo' doesn't exist
file path: C:\laragon\www\thimpu\views\food\manageFood.php
User Meassage: Cant able to Process the request for fetching the data of Food 
User ID: admin
-------------------------
Ip Address : 127.0.0.1 - April 7, 2022, 12:15 pm
Error Message : Table 'hms.foo' doesn't exist
file path: C:\laragon\www\thimpu\views\food\manageFood.php
User Meassage: Cant able to Process the request for fetching the data of Food 
User ID: admin
-------------------------
