Ip Address : 127.0.0.1 - April 27, 2022, 3:43 pm
Error Message : Unknown column 'sub_fee' in 'field list'
file path: C:\laragon\www\Rosx\model\expense\ho.php
User Meassage: Cant able to Process the request for Updating the Head of Account , H.O Name : Bus Management -1 
User ID: admin
-------------------------
Ip Address : 127.0.0.1 - April 27, 2022, 3:43 pm
Error Message : Unknown column 'sub_fee' in 'field list'
file path: C:\laragon\www\Rosx\model\expense\ho.php
User Meassage: Cant able to Process the request for Updating the Head of Account , H.O Name : Bus Management -1 
User ID: admin
-------------------------
Ip Address : 127.0.0.1 - April 27, 2022, 3:43 pm
Error Message : Unknown column 'sub_fee' in 'field list'
file path: C:\laragon\www\Rosx\model\expense\ho.php
User Meassage: Cant able to Process the request for Updating the Head of Account , H.O Name : Bus Management -1 
User ID: admin
-------------------------
Ip Address : 127.0.0.1 - April 27, 2022, 3:44 pm
Error Message : Unknown column 'login_id' in 'field list'
file path: C:\laragon\www\Rosx\model\expense\ho.php
User Meassage: Cant able to Process the request for Adding the Head of Account , H.O Name : Bus Management 
User ID: admin
-------------------------
