Ip Address : 127.0.0.1 - April 4, 2022, 12:17 pm
message: Table 'hms.room_typs' doesn't exist
file path: C:\laragon\www\thimpu\views\room\manageRoomType.php
username: Cant able to Process the request for fetching the data of ROOM TYPES
-------------------------
Ip Address : 127.0.0.1 - April 4, 2022, 12:17 pm
message: Table 'hms.room_typs' doesn't exist
file path: C:\laragon\www\thimpu\views\room\manageRoomType.php
username: Cant able to Process the request for fetching the data of ROOM TYPES
-------------------------
Ip Address : 127.0.0.1 - April 4, 2022, 12:17 pm
message: Table 'hms.room_typs' doesn't exist
file path: C:\laragon\www\thimpu\views\room\manageRoomType.php
username: Cant able to Process the request for fetching the data of ROOM TYPES
-------------------------
Ip Address : 127.0.0.1 - April 4, 2022, 12:17 pm
message: Table 'hms.room_typs' doesn't exist
file path: C:\laragon\www\thimpu\views\room\manageRoomType.php
username: Cant able to Process the request for fetching the data of ROOM TYPES
-------------------------
Ip Address : 127.0.0.1 - April 4, 2022, 12:20 pm
Error Message : Table 'hms.room_typs' doesn't exist
file path: C:\laragon\www\thimpu\views\room\manageRoomType.php
User Meassage: Cant able to Process the request for fetching the data of ROOM TYPES
User ID: admin
-------------------------
Ip Address : 127.0.0.1 - April 4, 2022, 12:20 pm
Error Message : Table 'hms.room_typs' doesn't exist
file path: C:\laragon\www\thimpu\views\room\manageRoomType.php
User Meassage: Cant able to Process the request for fetching the data of ROOM TYPES
User ID: admin
-------------------------
Ip Address : 127.0.0.1 - April 4, 2022, 12:24 pm
Error Message : Table 'hms.room' doesn't exist
file path: C:\laragon\www\thimpu\views\room\manageRoom.php
User Meassage: Cant able to Process the request for fetching the data of ROOMs 
User ID: admin
-------------------------
Ip Address : 127.0.0.1 - April 4, 2022, 12:26 pm
Error Message : Table 'hms.room_type' doesn't exist
file path: C:\laragon\www\thimpu\model\room\UploadRoomType.php
User Meassage: Error While Adding the Room Types
User ID: 
-------------------------
Ip Address : 127.0.0.1 - April 4, 2022, 12:28 pm
Error Message : Table 'hms.room' doesn't exist
file path: C:\laragon\www\thimpu\views\room\manageRoom.php
User Meassage: Cant able to Process the request for fetching the data of ROOMs 
User ID: admin
-------------------------
Ip Address : 127.0.0.1 - April 4, 2022, 12:55 pm
Error Message : Cannot delete or update a parent row: a foreign key constraint fails (`hms`.`rooms`, CONSTRAINT `rooms_ibfk_1` FOREIGN KEY (`r_id`) REFERENCES `room_types` (`room_id`) ON DELETE NO ACTION ON UPDATE NO ACTION)
file path: C:\laragon\www\thimpu\model\room\DeleteRoomType.php
User Meassage: Cant able to Process the request for delete the data of ROOM TYPES 
User ID: 
-------------------------
Ip Address : 127.0.0.1 - April 4, 2022, 1:02 pm
Error Message : Cannot delete or update a parent row: a foreign key constraint fails (`hms`.`rooms`, CONSTRAINT `rooms_ibfk_1` FOREIGN KEY (`room_type`) REFERENCES `room_types` (`room_id`))
file path: C:\laragon\www\thimpu\model\room\DeleteRoomType.php
User Meassage: Cant able to Process the request for delete the data of ROOM TYPES
User ID: 
-------------------------
Ip Address : 127.0.0.1 - April 4, 2022, 1:04 pm
Error Message : Cannot delete or update a parent row: a foreign key constraint fails (`hms`.`rooms`, CONSTRAINT `rooms_ibfk_1` FOREIGN KEY (`room_type`) REFERENCES `room_types` (`room_id`))
file path: C:\laragon\www\thimpu\model\room\DeleteRoomType.php
User Meassage: Cant able to Process the request for delete the data of ROOM TYPES
User ID: 
-------------------------
