Ip Address : 127.0.0.1 - May 16, 2022, 10:41 am
Error Message : Cannot add or update a child row: a foreign key constraint fails (`rosx_edu`.`transport_enroll`, CONSTRAINT `transport_enroll_ibfk_1` FOREIGN KEY (`enroll_stage_id`) REFERENCES `transport_stages` (`stage_route_id`) ON DELETE CASCADE ON UPDATE NO ACTION)
file path: C:\laragon\www\Rosx\model\transport\EnrollmentController.php
User Meassage: Cant able to Process the request for Updating the Enrollment , Student ID  : SNHS0680 
User ID: admin
-------------------------
Ip Address : 127.0.0.1 - May 16, 2022, 10:46 am
Error Message : Cannot add or update a child row: a foreign key constraint fails (`rosx_edu`.`transport_enroll`, CONSTRAINT `transport_enroll_ibfk_1` FOREIGN KEY (`enroll_stage_id`) REFERENCES `transport_stages` (`stage_route_id`) ON DELETE CASCADE ON UPDATE NO ACTION)
file path: C:\laragon\www\Rosx\model\transport\EnrollmentController.php
User Meassage: Cant able to Process the request for Updating the Enrollment , Student ID  : SNHS0680 
User ID: admin
-------------------------
Ip Address : 127.0.0.1 - May 16, 2022, 10:59 am
Error Message : Cannot add or update a child row: a foreign key constraint fails (`rosx_edu`.`transport_enroll`, CONSTRAINT `transport_enroll_ibfk_1` FOREIGN KEY (`enroll_stage_id`) REFERENCES `transport_stages` (`stage_route_id`) ON DELETE CASCADE ON UPDATE NO ACTION)
file path: C:\laragon\www\Rosx\model\transport\EnrollmentController.php
User Meassage: Cant able to Process the request for Updating the Enrollment , Student ID  : SNHS0680 
User ID: admin
-------------------------
Ip Address : 127.0.0.1 - May 16, 2022, 10:59 am
Error Message : Cannot add or update a child row: a foreign key constraint fails (`rosx_edu`.`transport_enroll`, CONSTRAINT `transport_enroll_ibfk_1` FOREIGN KEY (`enroll_stage_id`) REFERENCES `transport_stages` (`stage_route_id`) ON DELETE CASCADE ON UPDATE NO ACTION)
file path: C:\laragon\www\Rosx\model\transport\EnrollmentController.php
User Meassage: Cant able to Process the request for Updating the Enrollment , Student ID  : SNHS0680 
User ID: admin
-------------------------
Ip Address : 127.0.0.1 - May 16, 2022, 10:59 am
Error Message : Cannot add or update a child row: a foreign key constraint fails (`rosx_edu`.`transport_enroll`, CONSTRAINT `transport_enroll_ibfk_1` FOREIGN KEY (`enroll_stage_id`) REFERENCES `transport_stages` (`stage_route_id`) ON DELETE CASCADE ON UPDATE NO ACTION)
file path: C:\laragon\www\Rosx\model\transport\EnrollmentController.php
User Meassage: Cant able to Process the request for Updating the Enrollment , Student ID  : SNHS0680 
User ID: admin
-------------------------
Ip Address : 127.0.0.1 - May 16, 2022, 11:01 am
Error Message : Cannot add or update a child row: a foreign key constraint fails (`rosx_edu`.`transport_enroll`, CONSTRAINT `transport_enroll_ibfk_1` FOREIGN KEY (`enroll_stage_id`) REFERENCES `transport_stages` (`stage_route_id`) ON DELETE CASCADE ON UPDATE NO ACTION)
file path: C:\laragon\www\Rosx\model\transport\EnrollmentController.php
User Meassage: Cant able to Process the request for Adding the Enrollment , Student ID  : SNHS0679 
User ID: admin
-------------------------
Ip Address : 127.0.0.1 - May 16, 2022, 11:03 am
Error Message : Cannot add or update a child row: a foreign key constraint fails (`rosx_edu`.`transport_enroll`, CONSTRAINT `transport_enroll_ibfk_2` FOREIGN KEY (`enroll_student_id`) REFERENCES `student_enrollment` (`studentid`) ON DELETE CASCADE ON UPDATE NO ACTION)
file path: C:\laragon\www\Rosx\model\transport\EnrollmentController.php
User Meassage: Cant able to Process the request for Adding the Enrollment , Student ID  : S20210819 
User ID: admin
-------------------------
Ip Address : 127.0.0.1 - May 16, 2022, 11:05 am
Error Message : Cannot add or update a child row: a foreign key constraint fails (`rosx_edu`.`transport_enroll`, CONSTRAINT `transport_enroll_ibfk_1` FOREIGN KEY (`enroll_stage_id`) REFERENCES `transport_stages` (`stage_route_id`) ON DELETE CASCADE ON UPDATE NO ACTION)
file path: C:\laragon\www\Rosx\model\transport\EnrollmentController.php
User Meassage: Cant able to Process the request for Adding the Enrollment , Student ID  : SNHS0679 
User ID: admin
-------------------------
Ip Address : 127.0.0.1 - May 16, 2022, 11:06 am
Error Message : Cannot add or update a child row: a foreign key constraint fails (`rosx_edu`.`transport_enroll`, CONSTRAINT `transport_enroll_ibfk_1` FOREIGN KEY (`enroll_stage_id`) REFERENCES `transport_stages` (`stage_route_id`) ON DELETE NO ACTION ON UPDATE NO ACTION)
file path: C:\laragon\www\Rosx\model\transport\EnrollmentController.php
User Meassage: Cant able to Process the request for Adding the Enrollment , Student ID  : SNHS0680 
User ID: admin
-------------------------
Ip Address : 127.0.0.1 - May 16, 2022, 11:09 am
Error Message : Cannot add or update a child row: a foreign key constraint fails (`rosx_edu`.`transport_enroll`, CONSTRAINT `transport_enroll_ibfk_1` FOREIGN KEY (`enroll_stage_id`) REFERENCES `transport_stages` (`stage_route_id`) ON DELETE NO ACTION ON UPDATE NO ACTION)
file path: C:\laragon\www\Rosx\model\transport\EnrollmentController.php
User Meassage: Cant able to Process the request for Adding the Enrollment , Student ID  : SNHS0680 
User ID: admin
-------------------------
